/Applications/CLion.app/Contents/bin/cmake/mac/bin/cmake -DCMAKE_BUILD_TYPE=Debug -DCMAKE_MAKE_PROGRAM=/Applications/CLion.app/Contents/bin/ninja/mac/ninja -G Ninja -S /Users/harshitagarwal/Desktop/dsproject -B /Users/harshitagarwal/Desktop/dsproject/cmake-build-debug
CMake Warning at /Applications/CLion.app/Contents/bin/cmake/mac/share/cmake-3.26/Modules/Platform/Darwin-Initialize.cmake:303 (message):
  Ignoring CMAKE_OSX_SYSROOT value:

   /Applications/Xcode.app/Contents/Developer/Platforms/MacOSX.platform/Developer/SDKs/MacOSX12.3.sdk

  because the directory does not exist.
Call Stack (most recent call first):
  /Applications/CLion.app/Contents/bin/cmake/mac/share/cmake-3.26/Modules/CMakeSystemSpecificInitialize.cmake:21 (include)
  CMakeLists.txt:2 (project)


-- The C compiler identification is AppleClang 14.0.3.14030022
-- The CXX compiler identification is AppleClang 14.0.3.14030022
-- Detecting C compiler ABI info
-- Detecting C compiler ABI info - failed
-- Check for working C compiler: /Applications/Xcode.app/Contents/Developer/Toolchains/XcodeDefault.xctoolchain/usr/bin/cc
-- Check for working C compiler: /Applications/Xcode.app/Contents/Developer/Toolchains/XcodeDefault.xctoolchain/usr/bin/cc - broken
CMake Error at /Applications/CLion.app/Contents/bin/cmake/mac/share/cmake-3.26/Modules/CMakeTestCCompiler.cmake:67 (message):
  The C compiler

    "/Applications/Xcode.app/Contents/Developer/Toolchains/XcodeDefault.xctoolchain/usr/bin/cc"

  is not able to compile a simple test program.

  It fails with the following output:

    Change Dir: /Users/harshitagarwal/Desktop/dsproject/cmake-build-debug/CMakeFiles/CMakeScratch/TryCompile-wZUy67
    
    Run Build Command(s):/Applications/CLion.app/Contents/bin/ninja/mac/ninja -v cmTC_fb5df && [1/2] /Applications/Xcode.app/Contents/Developer/Toolchains/XcodeDefault.xctoolchain/usr/bin/cc   -arch arm64 -fcolor-diagnostics -MD -MT CMakeFiles/cmTC_fb5df.dir/testCCompiler.c.o -MF CMakeFiles/cmTC_fb5df.dir/testCCompiler.c.o.d -o CMakeFiles/cmTC_fb5df.dir/testCCompiler.c.o -c /Users/harshitagarwal/Desktop/dsproject/cmake-build-debug/CMakeFiles/CMakeScratch/TryCompile-wZUy67/testCCompiler.c
    [2/2] : && /Applications/Xcode.app/Contents/Developer/Toolchains/XcodeDefault.xctoolchain/usr/bin/cc -arch arm64 -Wl,-search_paths_first -Wl,-headerpad_max_install_names  CMakeFiles/cmTC_fb5df.dir/testCCompiler.c.o -o cmTC_fb5df   && :
    FAILED: cmTC_fb5df 
    : && /Applications/Xcode.app/Contents/Developer/Toolchains/XcodeDefault.xctoolchain/usr/bin/cc -arch arm64 -Wl,-search_paths_first -Wl,-headerpad_max_install_names  CMakeFiles/cmTC_fb5df.dir/testCCompiler.c.o -o cmTC_fb5df   && :
    ld: library not found for -lSystem
    clang: error: linker command failed with exit code 1 (use -v to see invocation)
    ninja: build stopped: subcommand failed.
    
    

  

  CMake will not be able to correctly generate this project.
Call Stack (most recent call first):
  CMakeLists.txt:2 (project)


-- Configuring incomplete, errors occurred!
